<?xml version="1.0" encoding="UTF-8"?>
<!-- Generated by org.testng.reporters.JUnitReportReporter -->
<testsuite skipped="0" hostname="DESKTOP-BKR93A7" name="com.handelsgillet.TestCases.SideMenuEventsPageTestCase" tests="15" failures="0" timestamp="01 Jul 2018 21:11:53 GMT" time="1381.110" errors="1">
  <testcase name="verifyEventAllTabNavigation" time="44.520" classname="com.handelsgillet.TestCases.SideMenuEventsPageTestCase">
    <error type="org.openqa.selenium.WebDriverException" message="unknown error: Element &lt;a _ngcontent-c9=&quot;&quot; aria-expanded=&quot;false&quot; aria-haspopup=&quot;true&quot; class=&quot;dropdown-toggle&quot; data-toggle=&quot;dropdown&quot; role=&quot;tab&quot; routerlinkactive=&quot;active&quot; href=&quot;#/dashboard/manageevents/allevents&quot;&gt;...&lt;/a&gt; is not clickable at point (505, 138). Other element would receive the click: &lt;h1 class=&quot;visible loading-text&quot; style=&quot;z-index: 9999;&quot;&gt;...&lt;/h1&gt;
  (Session info: chrome=67.0.3396.99)
  (Driver info: chromedriver=2.36.540470 (e522d04694c7ebea4ba8821272dbef4f9b818c91),platform=Windows NT 10.0.16299 x86_64) (WARNING: The server did not provide any stacktrace information)
Command duration or timeout: 0 milliseconds
Build info: version: &#039;3.7.0&#039;, revision: &#039;2321c73&#039;, time: &#039;2017-11-02T22:22:35.584Z&#039;
System info: host: &#039;DESKTOP-BKR93A7&#039;, ip: &#039;192.168.43.214&#039;, os.name: &#039;Windows 10&#039;, os.arch: &#039;amd64&#039;, os.version: &#039;10.0&#039;, java.version: &#039;1.8.0_151&#039;
Driver info: org.openqa.selenium.chrome.ChromeDriver
Capabilities {acceptInsecureCerts: false, acceptSslCerts: false, applicationCacheEnabled: false, browserConnectionEnabled: false, browserName: chrome, chrome: {chromedriverVersion: 2.36.540470 (e522d04694c7eb..., userDataDir: C:\Users\prave\AppData\Loca...}, cssSelectorsEnabled: true, databaseEnabled: false, handlesAlerts: true, hasTouchScreen: false, javascriptEnabled: true, locationContextEnabled: true, mobileEmulationEnabled: false, nativeEvents: true, networkConnectionEnabled: false, pageLoadStrategy: normal, platform: XP, platformName: XP, rotatable: false, setWindowRect: true, takesHeapSnapshot: true, takesScreenshot: true, unexpectedAlertBehaviour: , unhandledPromptBehavior: , version: 67.0.3396.99, webStorageEnabled: true}
Session ID: ae6161947c9e8b25df000e4249540282">
      <![CDATA[org.openqa.selenium.WebDriverException: unknown error: Element <a _ngcontent-c9="" aria-expanded="false" aria-haspopup="true" class="dropdown-toggle" data-toggle="dropdown" role="tab" routerlinkactive="active" href="#/dashboard/manageevents/allevents">...</a> is not clickable at point (505, 138). Other element would receive the click: <h1 class="visible loading-text" style="z-index: 9999;">...</h1>  (Session info: chrome=67.0.3396.99)  (Driver info: chromedriver=2.36.540470 (e522d04694c7ebea4ba8821272dbef4f9b818c91),platform=Windows NT 10.0.16299 x86_64) (WARNING: The server did not provide any stacktrace information)Command duration or timeout: 0 millisecondsBuild info: version: '3.7.0', revision: '2321c73', time: '2017-11-02T22:22:35.584Z'System info: host: 'DESKTOP-BKR93A7', ip: '192.168.43.214', os.name: 'Windows 10', os.arch: 'amd64', os.version: '10.0', java.version: '1.8.0_151'Driver info: org.openqa.selenium.chrome.ChromeDriverCapabilities {acceptInsecureCerts: false, acceptSslCerts: false, applicationCacheEnabled: false, browserConnectionEnabled: false, browserName: chrome, chrome: {chromedriverVersion: 2.36.540470 (e522d04694c7eb..., userDataDir: C:\Users\prave\AppData\Loca...}, cssSelectorsEnabled: true, databaseEnabled: false, handlesAlerts: true, hasTouchScreen: false, javascriptEnabled: true, locationContextEnabled: true, mobileEmulationEnabled: false, nativeEvents: true, networkConnectionEnabled: false, pageLoadStrategy: normal, platform: XP, platformName: XP, rotatable: false, setWindowRect: true, takesHeapSnapshot: true, takesScreenshot: true, unexpectedAlertBehaviour: , unhandledPromptBehavior: , version: 67.0.3396.99, webStorageEnabled: true}Session ID: ae6161947c9e8b25df000e4249540282at sun.reflect.NativeConstructorAccessorImpl.newInstance0(Native Method)at sun.reflect.NativeConstructorAccessorImpl.newInstance(Unknown Source)at sun.reflect.DelegatingConstructorAccessorImpl.newInstance(Unknown Source)at java.lang.reflect.Constructor.newInstance(Unknown Source)at org.openqa.selenium.remote.ErrorHandler.createThrowable(ErrorHandler.java:214)at org.openqa.selenium.remote.ErrorHandler.throwIfResponseFailed(ErrorHandler.java:166)at org.openqa.selenium.remote.http.JsonHttpResponseCodec.reconstructValue(JsonHttpResponseCodec.java:40)at org.openqa.selenium.remote.http.AbstractHttpResponseCodec.decode(AbstractHttpResponseCodec.java:80)at org.openqa.selenium.remote.http.AbstractHttpResponseCodec.decode(AbstractHttpResponseCodec.java:44)at org.openqa.selenium.remote.HttpCommandExecutor.execute(HttpCommandExecutor.java:164)at org.openqa.selenium.remote.service.DriverCommandExecutor.execute(DriverCommandExecutor.java:83)at org.openqa.selenium.remote.RemoteWebDriver.execute(RemoteWebDriver.java:600)at org.openqa.selenium.remote.RemoteWebElement.execute(RemoteWebElement.java:279)at org.openqa.selenium.remote.RemoteWebElement.click(RemoteWebElement.java:83)at sun.reflect.NativeMethodAccessorImpl.invoke0(Native Method)at sun.reflect.NativeMethodAccessorImpl.invoke(Unknown Source)at sun.reflect.DelegatingMethodAccessorImpl.invoke(Unknown Source)at java.lang.reflect.Method.invoke(Unknown Source)at org.openqa.selenium.support.events.EventFiringWebDriver$EventFiringWebElement$1.invoke(EventFiringWebDriver.java:376)at com.sun.proxy.$Proxy13.click(Unknown Source)at org.openqa.selenium.support.events.EventFiringWebDriver$EventFiringWebElement.click(EventFiringWebDriver.java:389)at sun.reflect.NativeMethodAccessorImpl.invoke0(Native Method)at sun.reflect.NativeMethodAccessorImpl.invoke(Unknown Source)at sun.reflect.DelegatingMethodAccessorImpl.invoke(Unknown Source)at java.lang.reflect.Method.invoke(Unknown Source)at org.openqa.selenium.support.pagefactory.internal.LocatingElementHandler.invoke(LocatingElementHandler.java:51)at com.sun.proxy.$Proxy12.click(Unknown Source)at com.handelsgillet.pages.SideMenuEventsPage.clickOnAllEventsMenu(SideMenuEventsPage.java:569)at com.handelsgillet.TestCases.SideMenuEventsPageTestCase.verifyEventAllTabNavigation(SideMenuEventsPageTestCase.java:48)at sun.reflect.NativeMethodAccessorImpl.invoke0(Native Method)at sun.reflect.NativeMethodAccessorImpl.invoke(Unknown Source)at sun.reflect.DelegatingMethodAccessorImpl.invoke(Unknown Source)at java.lang.reflect.Method.invoke(Unknown Source)at org.testng.internal.MethodInvocationHelper.invokeMethod(MethodInvocationHelper.java:124)at org.testng.internal.Invoker.invokeMethod(Invoker.java:571)at org.testng.internal.Invoker.invokeTestMethod(Invoker.java:707)at org.testng.internal.Invoker.invokeTestMethods(Invoker.java:979)at org.testng.internal.TestMethodWorker.invokeTestMethods(TestMethodWorker.java:125)at org.testng.internal.TestMethodWorker.run(TestMethodWorker.java:109)at org.testng.TestRunner.privateRun(TestRunner.java:648)at org.testng.TestRunner.run(TestRunner.java:505)at org.testng.SuiteRunner.runTest(SuiteRunner.java:455)at org.testng.SuiteRunner.runSequentially(SuiteRunner.java:450)at org.testng.SuiteRunner.privateRun(SuiteRunner.java:415)at org.testng.SuiteRunner.run(SuiteRunner.java:364)at org.testng.SuiteRunnerWorker.runSuite(SuiteRunnerWorker.java:52)at org.testng.SuiteRunnerWorker.run(SuiteRunnerWorker.java:84)at org.testng.TestNG.runSuitesSequentially(TestNG.java:1187)at org.testng.TestNG.runSuitesLocally(TestNG.java:1116)at org.testng.TestNG.runSuites(TestNG.java:1028)at org.testng.TestNG.run(TestNG.java:996)at org.testng.remote.AbstractRemoteTestNG.run(AbstractRemoteTestNG.java:114)at org.testng.remote.RemoteTestNG.initAndRun(RemoteTestNG.java:251)at org.testng.remote.RemoteTestNG.main(RemoteTestNG.java:77)]]>
    </error>
  </testcase> <!-- verifyEventAllTabNavigation -->
  <testcase name="verifyCreateTags" time="158.924" classname="com.handelsgillet.TestCases.SideMenuEventsPageTestCase"/>
  <testcase name="verifyHGEventSearch" time="73.262" classname="com.handelsgillet.TestCases.SideMenuEventsPageTestCase"/>
  <testcase name="verifyHGEventSearchByDate" time="76.701" classname="com.handelsgillet.TestCases.SideMenuEventsPageTestCase"/>
  <testcase name="VerifyApplicationFormAndCancel" time="61.856" classname="com.handelsgillet.TestCases.SideMenuEventsPageTestCase"/>
  <testcase name="VerifyHGFormAndEdit_CancelApplication" time="208.201" classname="com.handelsgillet.TestCases.SideMenuEventsPageTestCase"/>
  <testcase name="VerifyHGEventFormAndEdit_UpdateApplication" time="171.909" classname="com.handelsgillet.TestCases.SideMenuEventsPageTestCase"/>
  <testcase name="VerifyHGEventFormQuestionare" time="124.931" classname="com.handelsgillet.TestCases.SideMenuEventsPageTestCase"/>
  <testcase name="VerifyHGEventFormInviteMember" time="76.200" classname="com.handelsgillet.TestCases.SideMenuEventsPageTestCase"/>
  <testcase name="verifyClickonMembersAndBackButton" time="60.218" classname="com.handelsgillet.TestCases.SideMenuEventsPageTestCase"/>
  <testcase name="verifyCancelEventAndNoButton" time="73.615" classname="com.handelsgillet.TestCases.SideMenuEventsPageTestCase"/>
  <testcase name="verifyCancelEventAndYesButton" time="72.462" classname="com.handelsgillet.TestCases.SideMenuEventsPageTestCase"/>
  <testcase name="verifygroupsSearchEventsType" time="55.621" classname="com.handelsgillet.TestCases.SideMenuEventsPageTestCase"/>
  <testcase name="verifyClickOnEventsTypeMenuCreateEventAndCancel" time="62.984" classname="com.handelsgillet.TestCases.SideMenuEventsPageTestCase"/>
  <testcase name="verifyClickOnEventsTypeMenuCreateEventAndCreate" time="59.706" classname="com.handelsgillet.TestCases.SideMenuEventsPageTestCase"/>
</testsuite> <!-- com.handelsgillet.TestCases.SideMenuEventsPageTestCase -->
