<?xml version="1.0" encoding="UTF-8"?>
<!-- Generated by org.testng.reporters.JUnitReportReporter -->
<testsuite skipped="6" hostname="DESKTOP-BKR93A7" name="com.handelsgillet.TestCases.HGLandingMenuPageTestCase" tests="7" failures="0" timestamp="03 Jul 2018 19:28:57 GMT" time="0.140" errors="1">
  <testcase name="setUp" time="0.140" classname="com.handelsgillet.TestCases.HGLandingMenuPageTestCase">
    <error type="java.lang.IllegalStateException" message="The path to the driver executable must be set by the webdriver.chrome.driver system property; for more information, see https://github.com/SeleniumHQ/selenium/wiki/ChromeDriver. The latest version can be downloaded from http://chromedriver.storage.googleapis.com/index.html">
      <![CDATA[java.lang.IllegalStateException: The path to the driver executable must be set by the webdriver.chrome.driver system property; for more information, see https://github.com/SeleniumHQ/selenium/wiki/ChromeDriver. The latest version can be downloaded from http://chromedriver.storage.googleapis.com/index.htmlat com.google.common.base.Preconditions.checkState(Preconditions.java:754)at org.openqa.selenium.remote.service.DriverService.findExecutable(DriverService.java:124)at org.openqa.selenium.chrome.ChromeDriverService.access$000(ChromeDriverService.java:32)at org.openqa.selenium.chrome.ChromeDriverService$Builder.findDefaultExecutable(ChromeDriverService.java:137)at org.openqa.selenium.remote.service.DriverService$Builder.build(DriverService.java:329)at org.openqa.selenium.chrome.ChromeDriverService.createDefaultService(ChromeDriverService.java:88)at org.openqa.selenium.chrome.ChromeDriver.<init>(ChromeDriver.java:123)at com.handelsgillet.testBase.TestBase.initialization(TestBase.java:55)at com.handelsgillet.TestCases.HGLandingMenuPageTestCase.setUp(HGLandingMenuPageTestCase.java:37)at sun.reflect.NativeMethodAccessorImpl.invoke0(Native Method)at sun.reflect.NativeMethodAccessorImpl.invoke(Unknown Source)at sun.reflect.DelegatingMethodAccessorImpl.invoke(Unknown Source)at java.lang.reflect.Method.invoke(Unknown Source)at org.testng.internal.MethodInvocationHelper.invokeMethod(MethodInvocationHelper.java:124)at org.testng.internal.MethodInvocationHelper.invokeMethodConsideringTimeout(MethodInvocationHelper.java:59)at org.testng.internal.Invoker.invokeConfigurationMethod(Invoker.java:451)at org.testng.internal.Invoker.invokeConfigurations(Invoker.java:222)at org.testng.internal.Invoker.invokeMethod(Invoker.java:516)at org.testng.internal.Invoker.invokeTestMethod(Invoker.java:707)at org.testng.internal.Invoker.invokeTestMethods(Invoker.java:979)at org.testng.internal.TestMethodWorker.invokeTestMethods(TestMethodWorker.java:125)at org.testng.internal.TestMethodWorker.run(TestMethodWorker.java:109)at org.testng.TestRunner.privateRun(TestRunner.java:648)at org.testng.TestRunner.run(TestRunner.java:505)at org.testng.SuiteRunner.runTest(SuiteRunner.java:455)at org.testng.SuiteRunner.runSequentially(SuiteRunner.java:450)at org.testng.SuiteRunner.privateRun(SuiteRunner.java:415)at org.testng.SuiteRunner.run(SuiteRunner.java:364)at org.testng.SuiteRunnerWorker.runSuite(SuiteRunnerWorker.java:52)at org.testng.SuiteRunnerWorker.run(SuiteRunnerWorker.java:84)at org.testng.TestNG.runSuitesSequentially(TestNG.java:1187)at org.testng.TestNG.runSuitesLocally(TestNG.java:1116)at org.testng.TestNG.runSuites(TestNG.java:1028)at org.testng.TestNG.run(TestNG.java:996)at com.handelsgillet.TestCases.runer.main(runer.java:23)]]>
    </error>
  </testcase> <!-- setUp -->
  <testcase name="verifyMenuOmHandelsgilletTest" time="0.000" classname="com.handelsgillet.TestCases.HGLandingMenuPageTestCase">
    <skipped/>
  </testcase> <!-- verifyMenuOmHandelsgilletTest -->
  <testcase name="verifyMenuAktuelTest" time="0.000" classname="com.handelsgillet.TestCases.HGLandingMenuPageTestCase">
    <skipped/>
  </testcase> <!-- verifyMenuAktuelTest -->
  <testcase name="verifyMenuLokaliteterTest" time="0.000" classname="com.handelsgillet.TestCases.HGLandingMenuPageTestCase">
    <skipped/>
  </testcase> <!-- verifyMenuLokaliteterTest -->
  <testcase name="verifyMenuKlubbarTest" time="0.000" classname="com.handelsgillet.TestCases.HGLandingMenuPageTestCase">
    <skipped/>
  </testcase> <!-- verifyMenuKlubbarTest -->
  <testcase name="verifyMenuKontakTest" time="0.000" classname="com.handelsgillet.TestCases.HGLandingMenuPageTestCase">
    <skipped/>
  </testcase> <!-- verifyMenuKontakTest -->
  <testcase name="verifyMenuGilleMagazineTest" time="0.000" classname="com.handelsgillet.TestCases.HGLandingMenuPageTestCase">
    <skipped/>
  </testcase> <!-- verifyMenuGilleMagazineTest -->
</testsuite> <!-- com.handelsgillet.TestCases.HGLandingMenuPageTestCase -->
