<?xml version="1.0" encoding="UTF-8"?>
<!-- Generated by org.testng.reporters.JUnitReportReporter -->
<testsuite skipped="0" hostname="DESKTOP-BKR93A7" name="com.handelsgillet.TestCases.SideMenuAllTabsTestCase" tests="15" failures="0" timestamp="02 Jun 2018 13:06:02 GMT" time="701.405" errors="1">
  <testcase name="verifySideNewApplicationTab" time="41.199" classname="com.handelsgillet.TestCases.SideMenuAllTabsTestCase"/>
  <testcase name="verifySideHomeTabTest" time="44.939" classname="com.handelsgillet.TestCases.SideMenuAllTabsTestCase"/>
  <testcase name="verifySideManageMemberTab" time="41.037" classname="com.handelsgillet.TestCases.SideMenuAllTabsTestCase"/>
  <testcase name="verifySideGroupsTab" time="45.235" classname="com.handelsgillet.TestCases.SideMenuAllTabsTestCase"/>
  <testcase name="verifySideEventsTab" time="45.357" classname="com.handelsgillet.TestCases.SideMenuAllTabsTestCase"/>
  <testcase name="verifySideManageTagsTab" time="48.617" classname="com.handelsgillet.TestCases.SideMenuAllTabsTestCase"/>
  <testcase name="verifySideCreateSiteTab" time="67.900" classname="com.handelsgillet.TestCases.SideMenuAllTabsTestCase">
    <error type="org.openqa.selenium.NoSuchElementException" message="no such element: Unable to locate element: {&quot;method&quot;:&quot;xpath&quot;,&quot;selector&quot;:&quot;//div[@class=&#039;col-md-12 hg-mainsection-user-block&#039;]//following::a[0]&quot;}
  (Session info: chrome=66.0.3359.181)
  (Driver info: chromedriver=2.36.540470 (e522d04694c7ebea4ba8821272dbef4f9b818c91),platform=Windows NT 10.0.16299 x86_64) (WARNING: The server did not provide any stacktrace information)
Command duration or timeout: 0 milliseconds
For documentation on this error, please visit: http://seleniumhq.org/exceptions/no_such_element.html
Build info: version: &#039;3.7.0&#039;, revision: &#039;2321c73&#039;, time: &#039;2017-11-02T22:22:35.584Z&#039;
System info: host: &#039;DESKTOP-BKR93A7&#039;, ip: &#039;192.168.1.10&#039;, os.name: &#039;Windows 10&#039;, os.arch: &#039;amd64&#039;, os.version: &#039;10.0&#039;, java.version: &#039;1.8.0_151&#039;
Driver info: org.openqa.selenium.chrome.ChromeDriver
Capabilities {acceptInsecureCerts: false, acceptSslCerts: false, applicationCacheEnabled: false, browserConnectionEnabled: false, browserName: chrome, chrome: {chromedriverVersion: 2.36.540470 (e522d04694c7eb..., userDataDir: C:\Users\prave\AppData\Loca...}, cssSelectorsEnabled: true, databaseEnabled: false, handlesAlerts: true, hasTouchScreen: false, javascriptEnabled: true, locationContextEnabled: true, mobileEmulationEnabled: false, nativeEvents: true, networkConnectionEnabled: false, pageLoadStrategy: normal, platform: XP, platformName: XP, rotatable: false, setWindowRect: true, takesHeapSnapshot: true, takesScreenshot: true, unexpectedAlertBehaviour: , unhandledPromptBehavior: , version: 66.0.3359.181, webStorageEnabled: true}
Session ID: 9c59945616209e77aeae13320b987f5a
*** Element info: {Using=xpath, value=//div[@class=&#039;col-md-12 hg-mainsection-user-block&#039;]//following::a[0]}">
      <![CDATA[org.openqa.selenium.NoSuchElementException: no such element: Unable to locate element: {"method":"xpath","selector":"//div[@class='col-md-12 hg-mainsection-user-block']//following::a[0]"}  (Session info: chrome=66.0.3359.181)  (Driver info: chromedriver=2.36.540470 (e522d04694c7ebea4ba8821272dbef4f9b818c91),platform=Windows NT 10.0.16299 x86_64) (WARNING: The server did not provide any stacktrace information)Command duration or timeout: 0 millisecondsFor documentation on this error, please visit: http://seleniumhq.org/exceptions/no_such_element.htmlBuild info: version: '3.7.0', revision: '2321c73', time: '2017-11-02T22:22:35.584Z'System info: host: 'DESKTOP-BKR93A7', ip: '192.168.1.10', os.name: 'Windows 10', os.arch: 'amd64', os.version: '10.0', java.version: '1.8.0_151'Driver info: org.openqa.selenium.chrome.ChromeDriverCapabilities {acceptInsecureCerts: false, acceptSslCerts: false, applicationCacheEnabled: false, browserConnectionEnabled: false, browserName: chrome, chrome: {chromedriverVersion: 2.36.540470 (e522d04694c7eb..., userDataDir: C:\Users\prave\AppData\Loca...}, cssSelectorsEnabled: true, databaseEnabled: false, handlesAlerts: true, hasTouchScreen: false, javascriptEnabled: true, locationContextEnabled: true, mobileEmulationEnabled: false, nativeEvents: true, networkConnectionEnabled: false, pageLoadStrategy: normal, platform: XP, platformName: XP, rotatable: false, setWindowRect: true, takesHeapSnapshot: true, takesScreenshot: true, unexpectedAlertBehaviour: , unhandledPromptBehavior: , version: 66.0.3359.181, webStorageEnabled: true}Session ID: 9c59945616209e77aeae13320b987f5a*** Element info: {Using=xpath, value=//div[@class='col-md-12 hg-mainsection-user-block']//following::a[0]}at sun.reflect.NativeConstructorAccessorImpl.newInstance0(Native Method)at sun.reflect.NativeConstructorAccessorImpl.newInstance(Unknown Source)at sun.reflect.DelegatingConstructorAccessorImpl.newInstance(Unknown Source)at java.lang.reflect.Constructor.newInstance(Unknown Source)at org.openqa.selenium.remote.ErrorHandler.createThrowable(ErrorHandler.java:214)at org.openqa.selenium.remote.ErrorHandler.throwIfResponseFailed(ErrorHandler.java:166)at org.openqa.selenium.remote.http.JsonHttpResponseCodec.reconstructValue(JsonHttpResponseCodec.java:40)at org.openqa.selenium.remote.http.AbstractHttpResponseCodec.decode(AbstractHttpResponseCodec.java:80)at org.openqa.selenium.remote.http.AbstractHttpResponseCodec.decode(AbstractHttpResponseCodec.java:44)at org.openqa.selenium.remote.HttpCommandExecutor.execute(HttpCommandExecutor.java:164)at org.openqa.selenium.remote.service.DriverCommandExecutor.execute(DriverCommandExecutor.java:83)at org.openqa.selenium.remote.RemoteWebDriver.execute(RemoteWebDriver.java:600)at org.openqa.selenium.remote.RemoteWebDriver.findElement(RemoteWebDriver.java:370)at org.openqa.selenium.remote.RemoteWebDriver.findElementByXPath(RemoteWebDriver.java:472)at org.openqa.selenium.By$ByXPath.findElement(By.java:361)at org.openqa.selenium.remote.RemoteWebDriver.findElement(RemoteWebDriver.java:362)at sun.reflect.GeneratedMethodAccessor2.invoke(Unknown Source)at sun.reflect.DelegatingMethodAccessorImpl.invoke(Unknown Source)at java.lang.reflect.Method.invoke(Unknown Source)at org.openqa.selenium.support.events.EventFiringWebDriver$2.invoke(EventFiringWebDriver.java:109)at com.sun.proxy.$Proxy7.findElement(Unknown Source)at org.openqa.selenium.support.events.EventFiringWebDriver.findElement(EventFiringWebDriver.java:193)at org.openqa.selenium.support.pagefactory.DefaultElementLocator.findElement(DefaultElementLocator.java:69)at org.openqa.selenium.support.pagefactory.internal.LocatingElementHandler.invoke(LocatingElementHandler.java:38)at com.sun.proxy.$Proxy11.click(Unknown Source)at com.handelsgillet.pages.SideMenuAllTabs.clickOnSideCreateSiteTab(SideMenuAllTabs.java:113)at com.handelsgillet.TestCases.SideMenuAllTabsTestCase.verifySideCreateSiteTab(SideMenuAllTabsTestCase.java:163)at sun.reflect.NativeMethodAccessorImpl.invoke0(Native Method)at sun.reflect.NativeMethodAccessorImpl.invoke(Unknown Source)at sun.reflect.DelegatingMethodAccessorImpl.invoke(Unknown Source)at java.lang.reflect.Method.invoke(Unknown Source)at org.testng.internal.MethodInvocationHelper.invokeMethod(MethodInvocationHelper.java:124)at org.testng.internal.Invoker.invokeMethod(Invoker.java:571)at org.testng.internal.Invoker.invokeTestMethod(Invoker.java:707)at org.testng.internal.Invoker.invokeTestMethods(Invoker.java:979)at org.testng.internal.TestMethodWorker.invokeTestMethods(TestMethodWorker.java:125)at org.testng.internal.TestMethodWorker.run(TestMethodWorker.java:109)at org.testng.TestRunner.privateRun(TestRunner.java:648)at org.testng.TestRunner.run(TestRunner.java:505)at org.testng.SuiteRunner.runTest(SuiteRunner.java:455)at org.testng.SuiteRunner.runSequentially(SuiteRunner.java:450)at org.testng.SuiteRunner.privateRun(SuiteRunner.java:415)at org.testng.SuiteRunner.run(SuiteRunner.java:364)at org.testng.SuiteRunnerWorker.runSuite(SuiteRunnerWorker.java:52)at org.testng.SuiteRunnerWorker.run(SuiteRunnerWorker.java:84)at org.testng.TestNG.runSuitesSequentially(TestNG.java:1187)at org.testng.TestNG.runSuitesLocally(TestNG.java:1116)at org.testng.TestNG.runSuites(TestNG.java:1028)at org.testng.TestNG.run(TestNG.java:996)at org.testng.remote.AbstractRemoteTestNG.run(AbstractRemoteTestNG.java:114)at org.testng.remote.RemoteTestNG.initAndRun(RemoteTestNG.java:251)at org.testng.remote.RemoteTestNG.main(RemoteTestNG.java:77)]]>
    </error>
  </testcase> <!-- verifySideCreateSiteTab -->
  <testcase name="verifySideManageArticleTab" time="37.920" classname="com.handelsgillet.TestCases.SideMenuAllTabsTestCase"/>
  <testcase name="verifySideSuppliersTab" time="57.051" classname="com.handelsgillet.TestCases.SideMenuAllTabsTestCase"/>
  <testcase name="verifySideManageRoomBooking" time="57.337" classname="com.handelsgillet.TestCases.SideMenuAllTabsTestCase"/>
  <testcase name="verifySideFeeStructureTab" time="39.094" classname="com.handelsgillet.TestCases.SideMenuAllTabsTestCase"/>
  <testcase name="verifySideRoleTab" time="48.874" classname="com.handelsgillet.TestCases.SideMenuAllTabsTestCase"/>
  <testcase name="verifySideStatisticsTab" time="40.117" classname="com.handelsgillet.TestCases.SideMenuAllTabsTestCase"/>
  <testcase name="verifySideEditStaticPagesTab" time="39.653" classname="com.handelsgillet.TestCases.SideMenuAllTabsTestCase"/>
  <testcase name="verifySideMemberType" time="47.075" classname="com.handelsgillet.TestCases.SideMenuAllTabsTestCase"/>
</testsuite> <!-- com.handelsgillet.TestCases.SideMenuAllTabsTestCase -->
