<?xml version="1.0" encoding="UTF-8"?>
<!-- Generated by org.testng.reporters.JUnitXMLReporter -->
<testsuite hostname="DESKTOP-BKR93A7" ignored="0" name="New Application test case" tests="5" failures="0" timestamp="03 Jul 2018 19:28:55 GMT" time="0.009" errors="0">
  <testcase name="@BeforeMethod setUp" time="0.005" classname="com.handelsgillet.TestCases.SideMenuNewApplicationPageTestCase">
    <failure type="java.lang.IllegalStateException" message="The path to the driver executable must be set by the webdriver.chrome.driver system property; for more information, see https://github.com/SeleniumHQ/selenium/wiki/ChromeDriver. The latest version can be downloaded from http://chromedriver.storage.googleapis.com/index.html">
      <![CDATA[java.lang.IllegalStateException: The path to the driver executable must be set by the webdriver.chrome.driver system property; for more information, see https://github.com/SeleniumHQ/selenium/wiki/ChromeDriver. The latest version can be downloaded from http://chromedriver.storage.googleapis.com/index.htmlat com.google.common.base.Preconditions.checkState(Preconditions.java:754)at org.openqa.selenium.remote.service.DriverService.findExecutable(DriverService.java:124)at org.openqa.selenium.chrome.ChromeDriverService.access$000(ChromeDriverService.java:32)at org.openqa.selenium.chrome.ChromeDriverService$Builder.findDefaultExecutable(ChromeDriverService.java:137)at org.openqa.selenium.remote.service.DriverService$Builder.build(DriverService.java:329)at org.openqa.selenium.chrome.ChromeDriverService.createDefaultService(ChromeDriverService.java:88)at org.openqa.selenium.chrome.ChromeDriver.<init>(ChromeDriver.java:123)at com.handelsgillet.testBase.TestBase.initialization(TestBase.java:55)at com.handelsgillet.TestCases.SideMenuNewApplicationPageTestCase.setUp(SideMenuNewApplicationPageTestCase.java:32)at com.handelsgillet.TestCases.runer.main(runer.java:23)... Removed 25 stack frames]]>
    </failure>
  </testcase> <!-- @BeforeMethod setUp -->
  <testcase name="@BeforeMethod setUp" time="0.0" classname="com.handelsgillet.TestCases.SideMenuNewApplicationPageTestCase">
    <skipped/>
  </testcase> <!-- @BeforeMethod setUp -->
  <testcase name="@BeforeMethod setUp" time="0.0" classname="com.handelsgillet.TestCases.SideMenuNewApplicationPageTestCase">
    <skipped/>
  </testcase> <!-- @BeforeMethod setUp -->
  <testcase name="@BeforeMethod setUp" time="0.0" classname="com.handelsgillet.TestCases.SideMenuNewApplicationPageTestCase">
    <skipped/>
  </testcase> <!-- @BeforeMethod setUp -->
  <testcase name="@BeforeMethod setUp" time="0.0" classname="com.handelsgillet.TestCases.SideMenuNewApplicationPageTestCase">
    <skipped/>
  </testcase> <!-- @BeforeMethod setUp -->
  <testcase name="verifyNewApplicationViewAndCancelClick" time="0.0" classname="com.handelsgillet.TestCases.SideMenuNewApplicationPageTestCase">
    <skipped/>
  </testcase> <!-- verifyNewApplicationViewAndCancelClick -->
  <testcase name="verifyNewApplicationViewAndAcceptApplication" time="0.0" classname="com.handelsgillet.TestCases.SideMenuNewApplicationPageTestCase">
    <skipped/>
  </testcase> <!-- verifyNewApplicationViewAndAcceptApplication -->
  <testcase name="verifyNewApplicationViewAndDeleteApplication" time="0.0" classname="com.handelsgillet.TestCases.SideMenuNewApplicationPageTestCase">
    <skipped/>
  </testcase> <!-- verifyNewApplicationViewAndDeleteApplication -->
  <testcase name="verifyNewApplicationViewAndEditCancelApplication" time="0.0" classname="com.handelsgillet.TestCases.SideMenuNewApplicationPageTestCase">
    <skipped/>
  </testcase> <!-- verifyNewApplicationViewAndEditCancelApplication -->
  <testcase name="VerifyApplicationFormAndEdit_SaveApplication" time="0.0" classname="com.handelsgillet.TestCases.SideMenuNewApplicationPageTestCase">
    <skipped/>
  </testcase> <!-- VerifyApplicationFormAndEdit_SaveApplication -->
</testsuite> <!-- New Application test case -->
