<?xml version="1.0" encoding="UTF-8"?>
<!-- Generated by org.testng.reporters.JUnitXMLReporter -->
<testsuite hostname="DESKTOP-BKR93A7" ignored="1" name="Super Admin Login test case" tests="2" failures="0" timestamp="03 Jul 2018 19:28:55 GMT" time="0.123" errors="0">
  <testcase name="@BeforeMethod setUp" time="0.006" classname="com.handelsgillet.TestCases.LoginPageTestCase">
    <failure type="java.lang.IllegalStateException" message="The path to the driver executable must be set by the webdriver.chrome.driver system property; for more information, see https://github.com/SeleniumHQ/selenium/wiki/ChromeDriver. The latest version can be downloaded from http://chromedriver.storage.googleapis.com/index.html">
      <![CDATA[java.lang.IllegalStateException: The path to the driver executable must be set by the webdriver.chrome.driver system property; for more information, see https://github.com/SeleniumHQ/selenium/wiki/ChromeDriver. The latest version can be downloaded from http://chromedriver.storage.googleapis.com/index.htmlat com.google.common.base.Preconditions.checkState(Preconditions.java:754)at org.openqa.selenium.remote.service.DriverService.findExecutable(DriverService.java:124)at org.openqa.selenium.chrome.ChromeDriverService.access$000(ChromeDriverService.java:32)at org.openqa.selenium.chrome.ChromeDriverService$Builder.findDefaultExecutable(ChromeDriverService.java:137)at org.openqa.selenium.remote.service.DriverService$Builder.build(DriverService.java:329)at org.openqa.selenium.chrome.ChromeDriverService.createDefaultService(ChromeDriverService.java:88)at org.openqa.selenium.chrome.ChromeDriver.<init>(ChromeDriver.java:123)at com.handelsgillet.testBase.TestBase.initialization(TestBase.java:55)at com.handelsgillet.TestCases.LoginPageTestCase.setUp(LoginPageTestCase.java:31)at com.handelsgillet.TestCases.runer.main(runer.java:23)... Removed 25 stack frames]]>
    </failure>
  </testcase> <!-- @BeforeMethod setUp -->
  <testcase name="@AfterMethod tearDown" time="0.0" classname="com.handelsgillet.TestCases.LoginPageTestCase">
    <skipped/>
  </testcase> <!-- @AfterMethod tearDown -->
  <testcase name="@BeforeMethod setUp" time="0.0" classname="com.handelsgillet.TestCases.LoginPageTestCase">
    <skipped/>
  </testcase> <!-- @BeforeMethod setUp -->
  <testcase name="@AfterMethod tearDown" time="0.0" classname="com.handelsgillet.TestCases.LoginPageTestCase">
    <skipped/>
  </testcase> <!-- @AfterMethod tearDown -->
  <testcase name="loginPageTitleTest" time="0.003" classname="com.handelsgillet.TestCases.LoginPageTestCase">
    <skipped/>
  </testcase> <!-- loginPageTitleTest -->
  <testcase name="loginTest" time="0.0" classname="com.handelsgillet.TestCases.LoginPageTestCase">
    <skipped/>
  </testcase> <!-- loginTest -->
  <testcase name="hgLogoTest" time="0.0" classname="com.handelsgillet.TestCases.LoginPageTestCase">
    <ignored/>
  </testcase> <!-- hgLogoTest -->
</testsuite> <!-- Super Admin Login test case -->
